#
# A fatal error has been detected by the Java Runtime Environment:
#
#  Internal Error (classFileParser.cpp:3494), pid=10557, tid=140103917156096
#  Error: ShouldNotReachHere()
#
# JRE version: 6.0_27-b27
# Java VM: OpenJDK 64-Bit Server VM (20.0-b12 mixed mode linux-amd64 compressed oops)
# Derivative: IcedTea6 1.12.6
# Distribution: Ubuntu 12.04 LTS, package 6b27-1.12.6-1ubuntu0.12.04.2
# If you would like to submit a bug report, please include
# instructions how to reproduce the bug and visit:
#   https://bugs.launchpad.net/ubuntu/+source/openjdk-6/
#

---------------  T H R E A D  ---------------

Current thread (0x00007f6c74008000):  JavaThread "Unknown thread" [_thread_in_vm, id=10563, stack(0x00007f6c7c26b000,0x00007f6c7c36c000)]

Stack: [0x00007f6c7c26b000,0x00007f6c7c36c000],  sp=0x00007f6c7c36a080,  free space=1020k
Native frames: (J=compiled Java code, j=interpreted, Vv=VM code, C=native code)
V  [libjvm.so+0x782b65]  VMError::report(outputStream*)+0x1255
V  [libjvm.so+0x782de9]  VMError::report_and_die()+0x169
V  [libjvm.so+0x3ba4fa]  report_vm_error(char const*, int, char const*, char const*)+0x4a
V  [libjvm.so+0x3508d5]  ClassFileParser::parseClassFile(symbolHandle, Handle, Handle, KlassHandle, GrowableArray<Handle>*, symbolHandle&, bool, Thread*)+0x1555
V  [libjvm.so+0x354b43]  ClassLoader::load_classfile(symbolHandle, Thread*)+0x1f3
V  [libjvm.so+0x71ad64]  SystemDictionary::load_instance_class(symbolHandle, Handle, Thread*)+0x354
V  [libjvm.so+0x719460]  SystemDictionary::resolve_instance_class_or_null(symbolHandle, Handle, Handle, Thread*)+0x7c0
V  [libjvm.so+0x71b3f3]  SystemDictionary::resolve_or_fail(symbolHandle, Handle, Handle, bool, Thread*)+0x33
V  [libjvm.so+0x71b4d4]  SystemDictionary::resolve_or_fail(symbolHandle, bool, Thread*)+0x14
V  [libjvm.so+0x71b580]  SystemDictionary::initialize_wk_klass(SystemDictionary::WKID, int, Thread*)+0xa0
V  [libjvm.so+0x71b5e9]  SystemDictionary::initialize_wk_klasses_until(SystemDictionary::WKID, SystemDictionary::WKID&, Thread*)+0x59
V  [libjvm.so+0x71b6e1]  SystemDictionary::initialize_preloaded_classes(Thread*)+0x71
V  [libjvm.so+0x75edff]  Universe::genesis(Thread*)+0x11f
V  [libjvm.so+0x75f7af]  universe2_init()+0x1f
V  [libjvm.so+0x472dc5]  init_globals()+0x95
V  [libjvm.so+0x7495fa]  Threads::create_vm(JavaVMInitArgs*, bool*)+0x1ea
V  [libjvm.so+0x4ccc91]  JNI_CreateJavaVM+0x61
C  [java+0x317e]  JavaMain+0x7e


---------------  P R O C E S S  ---------------

Java Threads: ( => current thread )

Other Threads:

=>0x00007f6c74008000 (exited) JavaThread "Unknown thread" [_thread_in_vm, id=10563, stack(0x00007f6c7c26b000,0x00007f6c7c36c000)]

VM state:not at safepoint (not fully initialized)

VM Mutex/Monitor currently owned by a thread: None

Dynamic libraries:
00400000-00409000 r-xp 00000000 08:03 6561367                            /usr/lib/jvm/java-6-openjdk-amd64/jre/bin/java
00608000-00609000 r--p 00008000 08:03 6561367                            /usr/lib/jvm/java-6-openjdk-amd64/jre/bin/java
00609000-0060a000 rw-p 00009000 08:03 6561367                            /usr/lib/jvm/java-6-openjdk-amd64/jre/bin/java
0164a000-0166b000 rw-p 00000000 00:00 0                                  [heap]
bda00000-beec0000 rw-p 00000000 00:00 0 
beec0000-c8000000 rw-p 00000000 00:00 0 
c8000000-ca550000 rw-p 00000000 00:00 0 
ca550000-ed560000 rw-p 00000000 00:00 0 
ed560000-ee800000 rw-p 00000000 00:00 0 
ee800000-100000000 rw-p 00000000 00:00 0 
7f6c54000000-7f6c54021000 rw-p 00000000 00:00 0 
7f6c54021000-7f6c58000000 ---p 00000000 00:00 0 
7f6c5c000000-7f6c5c021000 rw-p 00000000 00:00 0 
7f6c5c021000-7f6c60000000 ---p 00000000 00:00 0 
7f6c64000000-7f6c64021000 rw-p 00000000 00:00 0 
7f6c64021000-7f6c68000000 ---p 00000000 00:00 0 
7f6c6c000000-7f6c6c021000 rw-p 00000000 00:00 0 
7f6c6c021000-7f6c70000000 ---p 00000000 00:00 0 
7f6c71000000-7f6c71270000 rwxp 00000000 00:00 0 
7f6c71270000-7f6c74080000 rw-p 00000000 00:00 0 
7f6c74080000-7f6c78000000 ---p 00000000 00:00 0 
7f6c78883000-7f6c7894d000 r--s 011ad000 08:03 2891160                    /home/marc/Programs/adt-bundle-linux-x86_64-20130911/sdk/platforms/android-18/android.jar
7f6c7894d000-7f6c78975000 rw-p 00000000 00:00 0 
7f6c78975000-7f6c78976000 ---p 00000000 00:00 0 
7f6c78976000-7f6c78a76000 rw-p 00000000 00:00 0                          [stack:10567]
7f6c78a76000-7f6c78a77000 ---p 00000000 00:00 0 
7f6c78a77000-7f6c78b77000 rw-p 00000000 00:00 0                          [stack:10566]
7f6c78b77000-7f6c78b78000 ---p 00000000 00:00 0 
7f6c78b78000-7f6c78c78000 rw-p 00000000 00:00 0                          [stack:10565]
7f6c78c78000-7f6c78c79000 ---p 00000000 00:00 0 
7f6c78c79000-7f6c78d84000 rw-p 00000000 00:00 0                          [stack:10564]
7f6c78d84000-7f6c78dcc000 rw-p 00000000 00:00 0 
7f6c78dcc000-7f6c78ddf000 rw-p 00000000 00:00 0 
7f6c78ddf000-7f6c78ef7000 rw-p 00000000 00:00 0 
7f6c78ef7000-7f6c78f02000 rw-p 00000000 00:00 0 
7f6c78f02000-7f6c78f4a000 rw-p 00000000 00:00 0 
7f6c78f4a000-7f6c78f5d000 rw-p 00000000 00:00 0 
7f6c78f5d000-7f6c79074000 rw-p 00000000 00:00 0 
7f6c79074000-7f6c7907e000 rw-p 00000000 00:00 0 
7f6c7907e000-7f6c7910a000 rw-p 00000000 00:00 0 
7f6c7910a000-7f6c7910b000 rw-p 00000000 00:00 0 
7f6c7910b000-7f6c79112000 r-xp 00000000 08:03 6561307                    /usr/lib/jvm/java-6-openjdk-amd64/jre/lib/amd64/libzip.so
7f6c79112000-7f6c79311000 ---p 00007000 08:03 6561307                    /usr/lib/jvm/java-6-openjdk-amd64/jre/lib/amd64/libzip.so
7f6c79311000-7f6c79312000 r--p 00006000 08:03 6561307                    /usr/lib/jvm/java-6-openjdk-amd64/jre/lib/amd64/libzip.so
7f6c79312000-7f6c79313000 rw-p 00007000 08:03 6561307                    /usr/lib/jvm/java-6-openjdk-amd64/jre/lib/amd64/libzip.so
7f6c79313000-7f6c7931f000 r-xp 00000000 08:03 131289                     /lib/x86_64-linux-gnu/libnss_files-2.15.so
7f6c7931f000-7f6c7951e000 ---p 0000c000 08:03 131289                     /lib/x86_64-linux-gnu/libnss_files-2.15.so
7f6c7951e000-7f6c7951f000 r--p 0000b000 08:03 131289                     /lib/x86_64-linux-gnu/libnss_files-2.15.so
7f6c7951f000-7f6c79520000 rw-p 0000c000 08:03 131289                     /lib/x86_64-linux-gnu/libnss_files-2.15.so
7f6c79520000-7f6c7952a000 r-xp 00000000 08:03 131293                     /lib/x86_64-linux-gnu/libnss_nis-2.15.so
7f6c7952a000-7f6c7972a000 ---p 0000a000 08:03 131293                     /lib/x86_64-linux-gnu/libnss_nis-2.15.so
7f6c7972a000-7f6c7972b000 r--p 0000a000 08:03 131293                     /lib/x86_64-linux-gnu/libnss_nis-2.15.so
7f6c7972b000-7f6c7972c000 rw-p 0000b000 08:03 131293                     /lib/x86_64-linux-gnu/libnss_nis-2.15.so
7f6c7972c000-7f6c79743000 r-xp 00000000 08:03 131305                     /lib/x86_64-linux-gnu/libnsl-2.15.so
7f6c79743000-7f6c79942000 ---p 00017000 08:03 131305                     /lib/x86_64-linux-gnu/libnsl-2.15.so
7f6c79942000-7f6c79943000 r--p 00016000 08:03 131305                     /lib/x86_64-linux-gnu/libnsl-2.15.so
7f6c79943000-7f6c79944000 rw-p 00017000 08:03 131305                     /lib/x86_64-linux-gnu/libnsl-2.15.so
7f6c79944000-7f6c79946000 rw-p 00000000 00:00 0 
7f6c79946000-7f6c7994e000 r-xp 00000000 08:03 131287                     /lib/x86_64-linux-gnu/libnss_compat-2.15.so
7f6c7994e000-7f6c79b4d000 ---p 00008000 08:03 131287                     /lib/x86_64-linux-gnu/libnss_compat-2.15.so
7f6c79b4d000-7f6c79b4e000 r--p 00007000 08:03 131287                     /lib/x86_64-linux-gnu/libnss_compat-2.15.so
7f6c79b4e000-7f6c79b4f000 rw-p 00008000 08:03 131287                     /lib/x86_64-linux-gnu/libnss_compat-2.15.so
7f6c79b4f000-7f6c79b7b000 r-xp 00000000 08:03 6561306                    /usr/lib/jvm/java-6-openjdk-amd64/jre/lib/amd64/libjava.so
7f6c79b7b000-7f6c79d7a000 ---p 0002c000 08:03 6561306                    /usr/lib/jvm/java-6-openjdk-amd64/jre/lib/amd64/libjava.so
7f6c79d7a000-7f6c79d7b000 r--p 0002b000 08:03 6561306                    /usr/lib/jvm/java-6-openjdk-amd64/jre/lib/amd64/libjava.so
7f6c79d7b000-7f6c79d7e000 rw-p 0002c000 08:03 6561306                    /usr/lib/jvm/java-6-openjdk-amd64/jre/lib/amd64/libjava.so
7f6c79d7e000-7f6c79d8c000 r-xp 00000000 08:03 6561333                    /usr/lib/jvm/java-6-openjdk-amd64/jre/lib/amd64/libverify.so
7f6c79d8c000-7f6c79f8b000 ---p 0000e000 08:03 6561333                    /usr/lib/jvm/java-6-openjdk-amd64/jre/lib/amd64/libverify.so
7f6c79f8b000-7f6c79f8d000 r--p 0000d000 08:03 6561333                    /usr/lib/jvm/java-6-openjdk-amd64/jre/lib/amd64/libverify.so
7f6c79f8d000-7f6c79f8e000 rw-p 0000f000 08:03 6561333                    /usr/lib/jvm/java-6-openjdk-amd64/jre/lib/amd64/libverify.so
7f6c79f8e000-7f6c79f95000 r-xp 00000000 08:03 131292                     /lib/x86_64-linux-gnu/librt-2.15.so
7f6c79f95000-7f6c7a194000 ---p 00007000 08:03 131292                     /lib/x86_64-linux-gnu/librt-2.15.so
7f6c7a194000-7f6c7a195000 r--p 00006000 08:03 131292                     /lib/x86_64-linux-gnu/librt-2.15.so
7f6c7a195000-7f6c7a196000 rw-p 00007000 08:03 131292                     /lib/x86_64-linux-gnu/librt-2.15.so
7f6c7a196000-7f6c7a1ab000 r-xp 00000000 08:03 134877                     /lib/x86_64-linux-gnu/libgcc_s.so.1
7f6c7a1ab000-7f6c7a3aa000 ---p 00015000 08:03 134877                     /lib/x86_64-linux-gnu/libgcc_s.so.1
7f6c7a3aa000-7f6c7a3ab000 r--p 00014000 08:03 134877                     /lib/x86_64-linux-gnu/libgcc_s.so.1
7f6c7a3ab000-7f6c7a3ac000 rw-p 00015000 08:03 134877                     /lib/x86_64-linux-gnu/libgcc_s.so.1
7f6c7a3ac000-7f6c7a4a7000 r-xp 00000000 08:03 131296                     /lib/x86_64-linux-gnu/libm-2.15.so
7f6c7a4a7000-7f6c7a6a6000 ---p 000fb000 08:03 131296                     /lib/x86_64-linux-gnu/libm-2.15.so
7f6c7a6a6000-7f6c7a6a7000 r--p 000fa000 08:03 131296                     /lib/x86_64-linux-gnu/libm-2.15.so
7f6c7a6a7000-7f6c7a6a8000 rw-p 000fb000 08:03 131296                     /lib/x86_64-linux-gnu/libm-2.15.so
7f6c7a6a8000-7f6c7a78a000 r-xp 00000000 08:03 6299402                    /usr/lib/x86_64-linux-gnu/libstdc++.so.6.0.16
7f6c7a78a000-7f6c7a989000 ---p 000e2000 08:03 6299402                    /usr/lib/x86_64-linux-gnu/libstdc++.so.6.0.16
7f6c7a989000-7f6c7a991000 r--p 000e1000 08:03 6299402                    /usr/lib/x86_64-linux-gnu/libstdc++.so.6.0.16
7f6c7a991000-7f6c7a993000 rw-p 000e9000 08:03 6299402                    /usr/lib/x86_64-linux-gnu/libstdc++.so.6.0.16
7f6c7a993000-7f6c7a9a8000 rw-p 00000000 00:00 0 
7f6c7a9a8000-7f6c7b2a8000 r-xp 00000000 08:03 6561321                    /usr/lib/jvm/java-6-openjdk-amd64/jre/lib/amd64/server/libjvm.so
7f6c7b2a8000-7f6c7b4a8000 ---p 00900000 08:03 6561321                    /usr/lib/jvm/java-6-openjdk-amd64/jre/lib/amd64/server/libjvm.so
7f6c7b4a8000-7f6c7b529000 r--p 00900000 08:03 6561321                    /usr/lib/jvm/java-6-openjdk-amd64/jre/lib/amd64/server/libjvm.so
7f6c7b529000-7f6c7b544000 rw-p 00981000 08:03 6561321                    /usr/lib/jvm/java-6-openjdk-amd64/jre/lib/amd64/server/libjvm.so
7f6c7b544000-7f6c7b56d000 rw-p 00000000 00:00 0 
7f6c7b56d000-7f6c7b583000 r-xp 00000000 08:03 134967                     /lib/x86_64-linux-gnu/libz.so.1.2.3.4
7f6c7b583000-7f6c7b782000 ---p 00016000 08:03 134967                     /lib/x86_64-linux-gnu/libz.so.1.2.3.4
7f6c7b782000-7f6c7b783000 r--p 00015000 08:03 134967                     /lib/x86_64-linux-gnu/libz.so.1.2.3.4
7f6c7b783000-7f6c7b784000 rw-p 00016000 08:03 134967                     /lib/x86_64-linux-gnu/libz.so.1.2.3.4
7f6c7b784000-7f6c7b939000 r-xp 00000000 08:03 131285                     /lib/x86_64-linux-gnu/libc-2.15.so
7f6c7b939000-7f6c7bb39000 ---p 001b5000 08:03 131285                     /lib/x86_64-linux-gnu/libc-2.15.so
7f6c7bb39000-7f6c7bb3d000 r--p 001b5000 08:03 131285                     /lib/x86_64-linux-gnu/libc-2.15.so
7f6c7bb3d000-7f6c7bb3f000 rw-p 001b9000 08:03 131285                     /lib/x86_64-linux-gnu/libc-2.15.so
7f6c7bb3f000-7f6c7bb44000 rw-p 00000000 00:00 0 
7f6c7bb44000-7f6c7bb46000 r-xp 00000000 08:03 131300                     /lib/x86_64-linux-gnu/libdl-2.15.so
7f6c7bb46000-7f6c7bd46000 ---p 00002000 08:03 131300                     /lib/x86_64-linux-gnu/libdl-2.15.so
7f6c7bd46000-7f6c7bd47000 r--p 00002000 08:03 131300                     /lib/x86_64-linux-gnu/libdl-2.15.so
7f6c7bd47000-7f6c7bd48000 rw-p 00003000 08:03 131300                     /lib/x86_64-linux-gnu/libdl-2.15.so
7f6c7bd48000-7f6c7bd4c000 r-xp 00000000 08:03 6561336                    /usr/lib/jvm/java-6-openjdk-amd64/jre/lib/amd64/jli/libjli.so
7f6c7bd4c000-7f6c7bf4b000 ---p 00004000 08:03 6561336                    /usr/lib/jvm/java-6-openjdk-amd64/jre/lib/amd64/jli/libjli.so
7f6c7bf4b000-7f6c7bf4c000 r--p 00003000 08:03 6561336                    /usr/lib/jvm/java-6-openjdk-amd64/jre/lib/amd64/jli/libjli.so
7f6c7bf4c000-7f6c7bf4d000 rw-p 00004000 08:03 6561336                    /usr/lib/jvm/java-6-openjdk-amd64/jre/lib/amd64/jli/libjli.so
7f6c7bf4d000-7f6c7bf65000 r-xp 00000000 08:03 131294                     /lib/x86_64-linux-gnu/libpthread-2.15.so
7f6c7bf65000-7f6c7c164000 ---p 00018000 08:03 131294                     /lib/x86_64-linux-gnu/libpthread-2.15.so
7f6c7c164000-7f6c7c165000 r--p 00017000 08:03 131294                     /lib/x86_64-linux-gnu/libpthread-2.15.so
7f6c7c165000-7f6c7c166000 rw-p 00018000 08:03 131294                     /lib/x86_64-linux-gnu/libpthread-2.15.so
7f6c7c166000-7f6c7c16a000 rw-p 00000000 00:00 0 
7f6c7c16a000-7f6c7c18c000 r-xp 00000000 08:03 131297                     /lib/x86_64-linux-gnu/ld-2.15.so
7f6c7c1ab000-7f6c7c1b5000 rw-p 00000000 00:00 0 
7f6c7c1b5000-7f6c7c26b000 rw-p 00000000 00:00 0 
7f6c7c26b000-7f6c7c26e000 ---p 00000000 00:00 0 
7f6c7c26e000-7f6c7c371000 rw-p 00000000 00:00 0                          [stack:10563]
7f6c7c380000-7f6c7c388000 rw-s 00000000 08:03 2238150                    /tmp/hsperfdata_marc/10557
7f6c7c388000-7f6c7c389000 rw-p 00000000 00:00 0 
7f6c7c389000-7f6c7c38a000 r--p 00000000 00:00 0 
7f6c7c38a000-7f6c7c38c000 rw-p 00000000 00:00 0 
7f6c7c38c000-7f6c7c38d000 r--p 00022000 08:03 131297                     /lib/x86_64-linux-gnu/ld-2.15.so
7f6c7c38d000-7f6c7c38f000 rw-p 00023000 08:03 131297                     /lib/x86_64-linux-gnu/ld-2.15.so
7fff75e1b000-7fff75e3c000 rw-p 00000000 00:00 0                          [stack]
7fff75ffe000-7fff76000000 r-xp 00000000 00:00 0                          [vdso]
ffffffffff600000-ffffffffff601000 r-xp 00000000 00:00 0                  [vsyscall]

VM Arguments:
jvm_args: -Dfile.encoding=UTF-8 -Xbootclasspath:/home/marc/Programs/adt-bundle-linux-x86_64-20130911/sdk/platforms/android-18/android.jar 
java_command: org.eclipse.jdt.internal.junit.runner.RemoteTestRunner -version 3 -port 41547 -testLoaderClass org.eclipse.jdt.internal.junit.runner.junit3.JUnit3TestLoader -loaderpluginname org.eclipse.jdt.junit.runtime -classNames com.eseteam9.shoppyapp.tests.DatabaseTests
Launcher Type: SUN_STANDARD

Environment Variables:
PATH=/usr/lib/lightdm/lightdm:/usr/local/sbin:/usr/local/bin:/usr/sbin:/usr/bin:/sbin:/bin:/usr/games
LD_LIBRARY_PATH=/usr/lib/jvm/java-6-openjdk-amd64/jre/lib/amd64/server:/usr/lib/jvm/java-6-openjdk-amd64/jre/lib/amd64:/usr/lib/jvm/java-6-openjdk-amd64/jre/../lib/amd64
SHELL=/bin/bash
DISPLAY=:0

Signal Handlers:
SIGSEGV: [libjvm.so+0x7837a0], sa_mask[0]=0x7ffbfeff, sa_flags=0x10000004
SIGBUS: [libjvm.so+0x7837a0], sa_mask[0]=0x7ffbfeff, sa_flags=0x10000004
SIGFPE: [libjvm.so+0x647720], sa_mask[0]=0x7ffbfeff, sa_flags=0x10000004
SIGPIPE: [libjvm.so+0x647720], sa_mask[0]=0x7ffbfeff, sa_flags=0x10000004
SIGXFSZ: [libjvm.so+0x647720], sa_mask[0]=0x7ffbfeff, sa_flags=0x10000004
SIGILL: [libjvm.so+0x647720], sa_mask[0]=0x7ffbfeff, sa_flags=0x10000004
SIGUSR1: SIG_DFL, sa_mask[0]=0x00000000, sa_flags=0x00000000
SIGUSR2: [libjvm.so+0x647900], sa_mask[0]=0x00000004, sa_flags=0x10000004
SIGHUP: SIG_DFL, sa_mask[0]=0x00000000, sa_flags=0x00000000
SIGINT: SIG_DFL, sa_mask[0]=0x00000000, sa_flags=0x00000000
SIGTERM: SIG_DFL, sa_mask[0]=0x00000000, sa_flags=0x00000000
SIGQUIT: SIG_DFL, sa_mask[0]=0x00000000, sa_flags=0x00000000


---------------  S Y S T E M  ---------------

OS:Ubuntu 12.04 (precise)
uname:Linux 3.8.0-32-generic #47~precise1-Ubuntu SMP Wed Oct 2 16:19:35 UTC 2013 x86_64
libc:glibc 2.15 NPTL 2.15 
rlimit: STACK 8192k, CORE 0k, NPROC 28473, NOFILE 4096, AS infinity
load average:0.45 0.25 0.24

/proc/meminfo:
MemTotal:        3663464 kB
MemFree:          275940 kB
Buffers:          175620 kB
Cached:          1848172 kB
SwapCached:         2892 kB
Active:          1294200 kB
Inactive:        1848968 kB
Active(anon):     778144 kB
Inactive(anon):   621196 kB
Active(file):     516056 kB
Inactive(file):  1227772 kB
Unevictable:           0 kB
Mlocked:               0 kB
SwapTotal:       1999868 kB
SwapFree:        1961424 kB
Dirty:               352 kB
Writeback:             0 kB
AnonPages:       1116748 kB
Mapped:           138560 kB
Shmem:            279980 kB
Slab:             152980 kB
SReclaimable:     126460 kB
SUnreclaim:        26520 kB
KernelStack:        3824 kB
PageTables:        26716 kB
NFS_Unstable:          0 kB
Bounce:                0 kB
WritebackTmp:          0 kB
CommitLimit:     3831600 kB
Committed_AS:    3793020 kB
VmallocTotal:   34359738367 kB
VmallocUsed:      349468 kB
VmallocChunk:   34359385088 kB
HardwareCorrupted:     0 kB
AnonHugePages:         0 kB
HugePages_Total:       0
HugePages_Free:        0
HugePages_Rsvd:        0
HugePages_Surp:        0
Hugepagesize:       2048 kB
DirectMap4k:       63488 kB
DirectMap2M:     4038656 kB


CPU:total 4 (2 cores per cpu, 2 threads per core) family 6 model 58 stepping 9, cmov, cx8, fxsr, mmx, sse, sse2, sse3, ssse3, sse4.1, sse4.2, popcnt, ht

Memory: 4k page, physical 3663464k(275940k free), swap 1999868k(1961424k free)

vm_info: OpenJDK 64-Bit Server VM (20.0-b12) for linux-amd64 JRE (1.6.0_27-b27), built on Jul 17 2013 13:53:24 by "buildd" with gcc 4.6.3

time: Sun Oct 27 12:32:36 2013
elapsed time: 0 seconds

